#
# A fatal error has been detected by the Java Runtime Environment:
#
#  SIGSEGV (0xb) at pc=0x000000010e1b0127, pid=43134, tid=0x0000000000005f23
#
# JRE version: Java(TM) SE Runtime Environment (8.0_201-b09) (build 1.8.0_201-b09)
# Java VM: Java HotSpot(TM) 64-Bit Server VM (25.201-b09 mixed mode bsd-amd64 compressed oops)
# Problematic frame:
# V  [libjvm.dylib+0x5b0127]  vframeArrayElement::unpack_on_stack(int, int, int, frame*, bool, bool, int)+0xaf
#
# Failed to write core dump. Core dumps have been disabled. To enable core dumping, try "ulimit -c unlimited" before starting Java again
#
# If you would like to submit a bug report, please visit:
#   http://bugreport.java.com/bugreport/crash.jsp
# The crash happened outside the Java Virtual Machine in native code.
# See problematic frame for where to report the bug.
#

---------------  T H R E A D  ---------------

Current thread (0x00007fadf306b000):  JavaThread "watch-state-event-thread-1" daemon [_thread_in_native, id=24355, stack(0x0000700002a40000,0x0000700002b40000)]

siginfo: si_signo: 11 (SIGSEGV), si_code: 1 (SEGV_MAPERR), si_addr: 0x0000000000000000

Registers:
RAX=0x00007fadf306b000, RBX=0x00007fadea819cf0, RCX=0x000000010e50d5c0, RDX=0x0000000000000000
RSP=0x0000700002b3dc80, RBP=0x0000700002b3dd10, RSI=0x0000000000000003, RDI=0x0000000000000000
R8 =0x0000700002b3dde8, R9 =0x0000000000000001, R10=0x0000700002b3e408, R11=0x00000fade64c76fa
R12=0x0000000000000000, R13=0x00007fadf41c6950, R14=0x0000000000000002, R15=0x000000011a004bb4
RIP=0x000000010e1b0127, EFLAGS=0x0000000000010206, ERR=0x0000000000000004
  TRAPNO=0x000000000000000e

Top of Stack: (sp=0x0000700002b3dc80)
0x0000700002b3dc80:   0000700002b3dca0 000000010e06ce74
0x0000700002b3dc90:   0000700002b3ddb8 0000700002b3e5a0
0x0000700002b3dca0:   0000700002b3dce0 000000010de4e90c
0x0000700002b3dcb0:   0000000002b3e4d0 0000700002b3dde8
0x0000700002b3dcc0:   0000000000000005 01007fad00000001
0x0000700002b3dcd0:   0000000113ad33ae 0000700002b3dde8
0x0000700002b3dce0:   00007fadf306b000 0000000000000000
0x0000700002b3dcf0:   0000000000000000 00007fadf41c6950
0x0000700002b3dd00:   0000000000000000 00007fadea819600
0x0000700002b3dd10:   0000700002b3e420 000000010e1b1079
0x0000700002b3dd20:   0000000000000001 0000000000000002
0x0000700002b3dd30:   00007fadea819cf0 00007fadea819cd0
0x0000700002b3dd40:   0000000200000000 00007fadea819cf0
0x0000700002b3dd50:   0000700002b3dde8 00000005ce6981f0
0x0000700002b3dd60:   00007fadea819d28 00007fadea819600
0x0000700002b3dd70:   0000000000000001 0000000000000000
0x0000700002b3dd80:   00007fadea819cf0 0000000000000000
0x0000700002b3dd90:   0000700002b3dda0 0000000000000000
0x0000700002b3dda0:   000000010e1ec285 0000000000000006
0x0000700002b3ddb0:   0000700002b3df5f 0000700002b3e530
0x0000700002b3ddc0:   000000011c45a514 000000011c459e50
0x0000700002b3ddd0:   0000700000000000 00000007ce6917f0
0x0000700002b3dde0:   0000700002b3e5a0 0000700002b3e530
0x0000700002b3ddf0:   000000011c45a514 000000011c459e50
0x0000700002b3de00:   0000700000000000 00000007ce6917f0
0x0000700002b3de10:   0000700002b3e5a0 0000000000000472
0x0000700002b3de20:   0000700002b3e590 0000700002b3e590
0x0000700002b3de30:   0000700002b3de60 000000010de4eb7e
0x0000700002b3de40:   0000700000000000 0000700002b3e460
0x0000700002b3de50:   0000000000000000 0000700002b3e408
0x0000700002b3de60:   0000700002b3e410 0000000000000042
0x0000700002b3de70:   ffffffffffffffff 000000041c43ca28 

Instructions: (pc=0x000000010e1b0127)
0x000000010e1b0107:   b6 c8 48 8b 75 c0 8b 55 b4 e8 33 4e f9 ff c6 45
0x000000010e1b0117:   bf 01 49 89 c7 48 8b 45 d0 48 8b b8 10 02 00 00
0x000000010e1b0127:   48 8b 07 ff 50 50 84 c0 74 34 41 83 fe 01 75 2e
0x000000010e1b0137:   48 8b 45 c0 8a 00 3c c2 75 24 48 8d 3d c3 78 07 

Register to memory mapping:

RAX=0x00007fadf306b000 is a thread
RBX=0x00007fadea819cf0 is an unknown value
RCX=0x000000010e50d5c0: _ZN19TemplateInterpreter12_deopt_entryE+0xf0 in /Library/Java/JavaVirtualMachines/jdk1.8.0_201.jdk/Contents/Home/jre/lib/server/libjvm.dylib at 0x000000010dc00000
RDX=0x0000000000000000 is an unknown value
RSP=0x0000700002b3dc80 is pointing into the stack for thread: 0x00007fadf306b000
RBP=0x0000700002b3dd10 is pointing into the stack for thread: 0x00007fadf306b000
RSI=0x0000000000000003 is an unknown value
RDI=0x0000000000000000 is an unknown value
R8 =0x0000700002b3dde8 is pointing into the stack for thread: 0x00007fadf306b000
R9 =0x0000000000000001 is an unknown value
R10=0x0000700002b3e408 is pointing into the stack for thread: 0x00007fadf306b000
R11=0x00000fade64c76fa is an unknown value
R12=0x0000000000000000 is an unknown value
R13=0x00007fadf41c6950 is an unknown value
R14=0x0000000000000002 is an unknown value
R15=0x000000011a004bb4 is at code_begin+11220 in an Interpreter codelet
deoptimization entry points  [0x000000011a001fe0, 0x000000011a009d80]  32160 bytes


Stack: [0x0000700002a40000,0x0000700002b40000],  sp=0x0000700002b3dc80,  free space=1015k
Native frames: (J=compiled Java code, j=interpreted, Vv=VM code, C=native code)
V  [libjvm.dylib+0x5b0127]  vframeArrayElement::unpack_on_stack(int, int, int, frame*, bool, bool, int)+0xaf
V  [libjvm.dylib+0x5b1079]  vframeArray::unpack_to_stack(frame&, int, int)+0x45f
V  [libjvm.dylib+0x1f3199]  Deoptimization::unpack_frames(JavaThread*, int)+0x97
v  blob 0x000000011a03d76a

[error occurred during error reporting (printing native stack), id 0xb]

Java frames: (J=compiled Java code, j=interpreted, Vv=VM code)
j  com.swoval.files.apple.FileEventsApi.stopStream(JI)V+0
j  com.swoval.files.apple.FileEventsApi.stopStream(I)V+15
j  sbt.io.MacOSXWatchService.unregister(Ljava/nio/file/Path;)V+85
j  sbt.internal.io.WatchState.unregister(Ljava/nio/file/Path;)V+21
j  sbt.internal.io.EventMonitor$$anon$1.$anonfun$getFilesForKey$6(Lsbt/internal/io/EventMonitor$$anon$1;Ljava/nio/file/Path;)V+5
j  sbt.internal.io.EventMonitor$$anon$1.$anonfun$getFilesForKey$6$adapted(Lsbt/internal/io/EventMonitor$$anon$1;Ljava/nio/file/Path;)Ljava/lang/Object;+2
j  sbt.internal.io.EventMonitor$$anon$1$$Lambda$5784.apply(Ljava/lang/Object;)Ljava/lang/Object;+8
J 31205 C2 sbt.internal.io.EventMonitor$$anon$1.getFilesForKey(Ljava/nio/file/WatchKey;)Lscala/collection/immutable/Vector; (428 bytes) @ 0x000000011f3a3148 [0x000000011f3a19a0+0x17a8]
J 33549 C2 sbt.internal.io.EventMonitor$$anon$1.loop()V (60 bytes) @ 0x000000011faaf0ac [0x000000011faaecc0+0x3ec]
J 21798% C1 sbt.internal.io.EventMonitor$Looper.runImpl(Z)V (158 bytes) @ 0x000000011c5e056c [0x000000011c5e0000+0x56c]
j  sbt.internal.io.EventMonitor$Looper.run()V+2
v  ~StubRoutines::call_stub

---------------  P R O C E S S  ---------------

Java Threads: ( => current thread )
  0x00007fade975c800 JavaThread "sbt.io.MacOSXWatchService-1" [_thread_blocked, id=41247, stack(0x0000700002c46000,0x0000700002d46000)]
  0x00007fade9c4d000 JavaThread "watch-state-user-input-1" daemon [_thread_blocked, id=24091, stack(0x0000700002b43000,0x0000700002c43000)]
=>0x00007fadf306b000 JavaThread "watch-state-event-thread-1" daemon [_thread_in_native, id=24355, stack(0x0000700002a40000,0x0000700002b40000)]
  0x00007fadf233e800 JavaThread "com.swoval.files.apple.FileEventsApi.run-loop-thread-1" [_thread_in_Java, id=25379, stack(0x000070000293d000,0x0000700002a3d000)]
  0x00007fadf3754800 JavaThread "sbt-socket-server" [_thread_in_native, id=23579, stack(0x000070000283a000,0x000070000293a000)]
  0x00007fadeaa07800 JavaThread "Log4j2-TF-1-AsyncLogger[AsyncContext@13805618]-1" daemon [_thread_blocked, id=22275, stack(0x000070000270c000,0x000070000280c000)]
  0x00007fadea82a000 JavaThread "Service Thread" daemon [_thread_blocked, id=21763, stack(0x0000700002506000,0x0000700002606000)]
  0x00007fadeb82f000 JavaThread "C1 CompilerThread3" daemon [_thread_blocked, id=15619, stack(0x0000700002403000,0x0000700002503000)]
  0x00007fade9801800 JavaThread "C2 CompilerThread2" daemon [_thread_blocked, id=16131, stack(0x0000700002300000,0x0000700002400000)]
  0x00007fadea817000 JavaThread "C2 CompilerThread1" daemon [_thread_blocked, id=15107, stack(0x00007000021fd000,0x00007000022fd000)]
  0x00007fadeb048800 JavaThread "C2 CompilerThread0" daemon [_thread_blocked, id=16899, stack(0x00007000020fa000,0x00007000021fa000)]
  0x00007fadeb039000 JavaThread "Signal Dispatcher" daemon [_thread_blocked, id=17411, stack(0x0000700001ff7000,0x00007000020f7000)]
  0x00007fadea813000 JavaThread "Finalizer" daemon [_thread_blocked, id=19203, stack(0x0000700001ef4000,0x0000700001ff4000)]
  0x00007fadea812000 JavaThread "Reference Handler" daemon [_thread_blocked, id=13571, stack(0x0000700001df1000,0x0000700001ef1000)]
  0x00007fadea802000 JavaThread "main" [_thread_blocked, id=9731, stack(0x00007000011cd000,0x00007000012cd000)]

Other Threads:
  0x00007fadeb018800 VMThread [stack: 0x0000700001cee000,0x0000700001dee000] [id=13059]
  0x00007fadeb039800 WatcherThread [stack: 0x0000700002609000,0x0000700002709000] [id=43267]

VM state:not at safepoint (normal execution)

VM Mutex/Monitor currently owned by a thread: None

heap address: 0x0000000760800000, size: 2048 MB, Compressed Oops mode: Zero based, Oop shift amount: 3
Narrow klass base: 0x00000007e0800000, Narrow klass shift: 0
Compressed class space size: 1073741824 Address: 0x00000007e0800000

Heap:
 PSYoungGen      total 677888K, used 412334K [0x00000007b5d80000, 0x00000007e0800000, 0x00000007e0800000)
  eden space 656896K, 61% used [0x00000007b5d80000,0x00000007ce6986c0,0x00000007ddf00000)
  from space 20992K, 46% used [0x00000007ddf00000,0x00000007de8933b0,0x00000007df380000)
  to   space 20992K, 0% used [0x00000007df380000,0x00000007df380000,0x00000007e0800000)
 ParOldGen       total 1398272K, used 111686K [0x0000000760800000, 0x00000007b5d80000, 0x00000007b5d80000)
  object space 1398272K, 7% used [0x0000000760800000,0x0000000767511a98,0x00000007b5d80000)
 Metaspace       used 143906K, capacity 162436K, committed 162688K, reserved 1191936K
  class space    used 18786K, capacity 19731K, committed 19840K, reserved 1048576K

Card table byte_map: [0x000000010efb9000,0x000000010f3ba000] byte_map_base: 0x000000010b4b5000

Marking Bits: (ParMarkBitMap*) 0x000000010e4fbe40
 Begin Bits: [0x000000010f665000, 0x0000000111665000)
 End Bits:   [0x0000000111665000, 0x0000000113665000)

Polling page: 0x000000010c2d6000

CodeCache: size=262144Kb used=92395Kb max_used=92410Kb free=169748Kb
 bounds [0x0000000119ff8000, 0x000000011fac8000, 0x0000000129ff8000]
 total_blobs=26984 nmethods=26207 adapters=685
 compilation: enabled

Compilation events (10 events):
Event: 3101.445 Thread 0x00007fadea817000 nmethod 33282 0x000000011fa582d0 code [0x000000011fa585c0, 0x000000011fa59998]
Event: 3101.493 Thread 0x00007fadeb048800 nmethod 33387 0x000000011fab2c50 code [0x000000011fab30e0, 0x000000011fab5e80]
Event: 3223.318 Thread 0x00007fade9801800 33551       4       scala.collection.MapLike::filterNot (34 bytes)
Event: 3223.318 Thread 0x00007fadea817000 33549       4       sbt.internal.io.EventMonitor$$anon$1::loop (60 bytes)
Event: 3223.318 Thread 0x00007fadeb048800 33552       4       sbt.io.MacOSXWatchService::poll (36 bytes)
Event: 3223.322 Thread 0x00007fadeb048800 nmethod 33552 0x000000011fa57c10 code [0x000000011fa57da0, 0x000000011fa57fc8]
Event: 3223.322 Thread 0x00007fadeb048800 33550       4       scala.collection.AbstractMap::filterNot (6 bytes)
Event: 3223.328 Thread 0x00007fade9801800 nmethod 33551 0x000000011fa5e610 code [0x000000011fa5e800, 0x000000011fa5ee48]
Event: 3223.330 Thread 0x00007fadeb048800 nmethod 33550 0x000000011fab1ad0 code [0x000000011fab1ca0, 0x000000011fab2288]
Event: 3223.339 Thread 0x00007fadea817000 nmethod 33549 0x000000011faae990 code [0x000000011faaecc0, 0x000000011faafd68]

GC Heap History (10 events):
Event: 3042.455 GC heap before
{Heap before GC invocations=79 (full 35):
 PSYoungGen      total 679424K, used 3752K [0x00000007b5d80000, 0x00000007e0800000, 0x00000007e0800000)
  eden space 658432K, 0% used [0x00000007b5d80000,0x00000007b5d80000,0x00000007de080000)
  from space 20992K, 17% used [0x00000007df380000,0x00000007df72a1e8,0x00000007e0800000)
  to   space 19456K, 0% used [0x00000007de080000,0x00000007de080000,0x00000007df380000)
 ParOldGen       total 1398272K, used 111299K [0x0000000760800000, 0x00000007b5d80000, 0x00000007b5d80000)
  object space 1398272K, 7% used [0x0000000760800000,0x00000007674b0e50,0x00000007b5d80000)
 Metaspace       used 142788K, capacity 161238K, committed 161536K, reserved 1191936K
  class space    used 18692K, capacity 19618K, committed 19712K, reserved 1048576K
Event: 3042.682 GC heap after
Heap after GC invocations=79 (full 35):
 PSYoungGen      total 679424K, used 0K [0x00000007b5d80000, 0x00000007e0800000, 0x00000007e0800000)
  eden space 658432K, 0% used [0x00000007b5d80000,0x00000007b5d80000,0x00000007de080000)
  from space 20992K, 0% used [0x00000007df380000,0x00000007df380000,0x00000007e0800000)
  to   space 19456K, 0% used [0x00000007de080000,0x00000007de080000,0x00000007df380000)
 ParOldGen       total 1398272K, used 113733K [0x0000000760800000, 0x00000007b5d80000, 0x00000007b5d80000)
  object space 1398272K, 8% used [0x0000000760800000,0x0000000767711458,0x00000007b5d80000)
 Metaspace       used 142788K, capacity 161238K, committed 161536K, reserved 1191936K
  class space    used 18692K, capacity 19618K, committed 19712K, reserved 1048576K
}
Event: 3042.682 GC heap before
{Heap before GC invocations=80 (full 35):
 PSYoungGen      total 679424K, used 1019K [0x00000007b5d80000, 0x00000007e0800000, 0x00000007e0800000)
  eden space 658432K, 0% used [0x00000007b5d80000,0x00000007b5e7ee40,0x00000007de080000)
  from space 20992K, 0% used [0x00000007df380000,0x00000007df380000,0x00000007e0800000)
  to   space 19456K, 0% used [0x00000007de080000,0x00000007de080000,0x00000007df380000)
 ParOldGen       total 1398272K, used 113733K [0x0000000760800000, 0x00000007b5d80000, 0x00000007b5d80000)
  object space 1398272K, 8% used [0x0000000760800000,0x0000000767711458,0x00000007b5d80000)
 Metaspace       used 142788K, capacity 161238K, committed 161536K, reserved 1191936K
  class space    used 18692K, capacity 19618K, committed 19712K, reserved 1048576K
Event: 3042.686 GC heap after
Heap after GC invocations=80 (full 35):
 PSYoungGen      total 677888K, used 0K [0x00000007b5d80000, 0x00000007e0800000, 0x00000007e0800000)
  eden space 658432K, 0% used [0x00000007b5d80000,0x00000007b5d80000,0x00000007de080000)
  from space 19456K, 0% used [0x00000007de080000,0x00000007de080000,0x00000007df380000)
  to   space 19456K, 0% used [0x00000007df500000,0x00000007df500000,0x00000007e0800000)
 ParOldGen       total 1398272K, used 113733K [0x0000000760800000, 0x00000007b5d80000, 0x00000007b5d80000)
  object space 1398272K, 8% used [0x0000000760800000,0x0000000767711458,0x00000007b5d80000)
 Metaspace       used 142788K, capacity 161238K, committed 161536K, reserved 1191936K
  class space    used 18692K, capacity 19618K, committed 19712K, reserved 1048576K
}
Event: 3042.686 GC heap before
{Heap before GC invocations=81 (full 36):
 PSYoungGen      total 677888K, used 0K [0x00000007b5d80000, 0x00000007e0800000, 0x00000007e0800000)
  eden space 658432K, 0% used [0x00000007b5d80000,0x00000007b5d80000,0x00000007de080000)
  from space 19456K, 0% used [0x00000007de080000,0x00000007de080000,0x00000007df380000)
  to   space 19456K, 0% used [0x00000007df500000,0x00000007df500000,0x00000007e0800000)
 ParOldGen       total 1398272K, used 113733K [0x0000000760800000, 0x00000007b5d80000, 0x00000007b5d80000)
  object space 1398272K, 8% used [0x0000000760800000,0x0000000767711458,0x00000007b5d80000)
 Metaspace       used 142788K, capacity 161238K, committed 161536K, reserved 1191936K
  class space    used 18692K, capacity 19618K, committed 19712K, reserved 1048576K
Event: 3042.810 GC heap after
Heap after GC invocations=81 (full 36):
 PSYoungGen      total 677888K, used 0K [0x00000007b5d80000, 0x00000007e0800000, 0x00000007e0800000)
  eden space 658432K, 0% used [0x00000007b5d80000,0x00000007b5d80000,0x00000007de080000)
  from space 19456K, 0% used [0x00000007de080000,0x00000007de080000,0x00000007df380000)
  to   space 19456K, 0% used [0x00000007df500000,0x00000007df500000,0x00000007e0800000)
 ParOldGen       total 1398272K, used 111670K [0x0000000760800000, 0x00000007b5d80000, 0x00000007b5d80000)
  object space 1398272K, 7% used [0x0000000760800000,0x000000076750da98,0x00000007b5d80000)
 Metaspace       used 142788K, capacity 161238K, committed 161536K, reserved 1191936K
  class space    used 18692K, capacity 19618K, committed 19712K, reserved 1048576K
}
Event: 3064.612 GC heap before
{Heap before GC invocations=82 (full 36):
 PSYoungGen      total 677888K, used 658432K [0x00000007b5d80000, 0x00000007e0800000, 0x00000007e0800000)
  eden space 658432K, 100% used [0x00000007b5d80000,0x00000007de080000,0x00000007de080000)
  from space 19456K, 0% used [0x00000007de080000,0x00000007de080000,0x00000007df380000)
  to   space 19456K, 0% used [0x00000007df500000,0x00000007df500000,0x00000007e0800000)
 ParOldGen       total 1398272K, used 111670K [0x0000000760800000, 0x00000007b5d80000, 0x00000007b5d80000)
  object space 1398272K, 7% used [0x0000000760800000,0x000000076750da98,0x00000007b5d80000)
 Metaspace       used 142881K, capacity 161246K, committed 161536K, reserved 1191936K
  class space    used 18692K, capacity 19618K, committed 19712K, reserved 1048576K
Event: 3064.619 GC heap after
Heap after GC invocations=82 (full 36):
 PSYoungGen      total 676352K, used 13174K [0x00000007b5d80000, 0x00000007e0800000, 0x00000007e0800000)
  eden space 656896K, 0% used [0x00000007b5d80000,0x00000007b5d80000,0x00000007ddf00000)
  from space 19456K, 67% used [0x00000007df500000,0x00000007e01dd960,0x00000007e0800000)
  to   space 20992K, 0% used [0x00000007ddf00000,0x00000007ddf00000,0x00000007df380000)
 ParOldGen       total 1398272K, used 111678K [0x0000000760800000, 0x00000007b5d80000, 0x00000007b5d80000)
  object space 1398272K, 7% used [0x0000000760800000,0x000000076750fa98,0x00000007b5d80000)
 Metaspace       used 142881K, capacity 161246K, committed 161536K, reserved 1191936K
  class space    used 18692K, capacity 19618K, committed 19712K, reserved 1048576K
}
Event: 3094.047 GC heap before
{Heap before GC invocations=83 (full 36):
 PSYoungGen      total 676352K, used 670070K [0x00000007b5d80000, 0x00000007e0800000, 0x00000007e0800000)
  eden space 656896K, 100% used [0x00000007b5d80000,0x00000007ddf00000,0x00000007ddf00000)
  from space 19456K, 67% used [0x00000007df500000,0x00000007e01dd960,0x00000007e0800000)
  to   space 20992K, 0% used [0x00000007ddf00000,0x00000007ddf00000,0x00000007df380000)
 ParOldGen       total 1398272K, used 111678K [0x0000000760800000, 0x00000007b5d80000, 0x00000007b5d80000)
  object space 1398272K, 7% used [0x0000000760800000,0x000000076750fa98,0x00000007b5d80000)
 Metaspace       used 143001K, capacity 161310K, committed 161536K, reserved 1191936K
  class space    used 18692K, capacity 19618K, committed 19712K, reserved 1048576K
Event: 3094.055 GC heap after
Heap after GC invocations=83 (full 36):
 PSYoungGen      total 677888K, used 9804K [0x00000007b5d80000, 0x00000007e0800000, 0x00000007e0800000)
  eden space 656896K, 0% used [0x00000007b5d80000,0x00000007b5d80000,0x00000007ddf00000)
  from space 20992K, 46% used [0x00000007ddf00000,0x00000007de8933b0,0x00000007df380000)
  to   space 20992K, 0% used [0x00000007df380000,0x00000007df380000,0x00000007e0800000)
 ParOldGen       total 1398272K, used 111686K [0x0000000760800000, 0x00000007b5d80000, 0x00000007b5d80000)
  object space 1398272K, 7% used [0x0000000760800000,0x0000000767511a98,0x00000007b5d80000)
 Metaspace       used 143001K, capacity 161310K, committed 161536K, reserved 1191936K
  class space    used 18692K, capacity 19618K, committed 19712K, reserved 1048576K
}

Deoptimization events (10 events):
Event: 3101.132 Thread 0x00007faded9e9000 Uncommon trap: reason=unstable_if action=reinterpret pc=0x000000011c7db538 method=scala.reflect.internal.Symbols$TermSymbol.moduleClass()Lscala/reflect/internal/Symbols$Symbol; @ 4
Event: 3101.155 Thread 0x00007faded9e9000 Uncommon trap: reason=unstable_if action=reinterpret pc=0x000000011b144d2c method=scala.reflect.internal.Symbols$Symbol.needsFlatClasses()Z @ 10
Event: 3101.156 Thread 0x00007faded9e9000 Uncommon trap: reason=null_check action=make_not_entrant pc=0x000000011c2ade50 method=scala.reflect.internal.transform.PostErasure$elimErasedValueType$.apply(Lscala/reflect/internal/Types$Type;)Lscala/reflect/internal/Types$Type; @ 1
Event: 3101.156 Thread 0x00007faded9e9000 Uncommon trap: reason=null_check action=make_not_entrant pc=0x000000011ef7518c method=scala.reflect.internal.tpe.TypeMaps$TypeMap.mapOver(Lscala/reflect/internal/Types$Type;)Lscala/reflect/internal/Types$Type; @ 1
Event: 3101.182 Thread 0x00007faded9e9000 Uncommon trap: reason=unstable_if action=reinterpret pc=0x000000011f540ca8 method=scala.tools.nsc.symtab.classfile.ClassfileParser.queueLoad$1(IJ)V @ 197
Event: 3101.184 Thread 0x00007faded9e9000 Uncommon trap: reason=unstable_if action=reinterpret pc=0x000000011ec255d4 method=scala.reflect.internal.tpe.FindMembers$FindMembers.addMemberIfNew(Lscala/reflect/internal/Symbols$Symbol;)V @ 23
Event: 3101.204 Thread 0x00007faded9e9000 Uncommon trap: reason=class_check action=maybe_recompile pc=0x000000011f1ea2a8 method=scala.tools.nsc.symtab.classfile.ClassfileParser.addEnclosingTParams(Lscala/reflect/internal/Symbols$Symbol;)V @ 6
Event: 3101.243 Thread 0x00007faded9e9000 Uncommon trap: reason=speculate_class_check action=maybe_recompile pc=0x000000011d5524bc method=scala.reflect.internal.Types$GenPolyType$.apply(Lscala/collection/immutable/List;Lscala/reflect/internal/Types$Type;)Lscala/reflect/internal/Types$Type; @ 20
Event: 3101.343 Thread 0x00007faded9e9000 Uncommon trap: reason=class_check action=maybe_recompile pc=0x000000011c9237d0 method=sbt.internal.io.MilliPosixBase.checkedIO(Ljava/lang/String;Lscala/Function0;)V @ 1
Event: 4589.620 Thread 0x00007fadf233e800 Uncommon trap: reason=unloaded action=reinterpret pc=0x000000011c43edb0 method=java.lang.invoke.CallSite.makeSite(Ljava/lang/invoke/MethodHandle;Ljava/lang/String;Ljava/lang/invoke/MethodType;Ljava/lang/Object;Ljava/lang/Class;)Ljava/lang/invoke/CallSite;

Classes redefined (0 events):
No events

Internal exceptions (10 events):
Event: 3100.701 Thread 0x00007faded9e9000 Exception <a 'java/lang/NoSuchMethodError': java.lang.Object.$anonfun$exhaustive$7(Lscala/tools/nsc/transform/patmat/MatchAnalysis$MatchAnalyzer$CounterExample;)Ljava/lang/String;> (0x00000007cb822878) thrown at [/Users/java_re/workspace/8-2-build-macosx-
Event: 3100.702 Thread 0x00007faded9e9000 Exception <a 'java/lang/NoSuchMethodError': java.lang.Object.$anonfun$exhaustive$8(Lscala/tools/nsc/transform/patmat/MatchAnalysis$MatchAnalyzer$CounterExample;)Ljava/lang/String;> (0x00000007cb835a30) thrown at [/Users/java_re/workspace/8-2-build-macosx-
Event: 3101.156 Thread 0x00007faded9e9000 Implicit null exception at 0x000000011c2ac352 to 0x000000011c2ade41
Event: 3101.156 Thread 0x00007faded9e9000 Implicit null exception at 0x000000011ef720d4 to 0x000000011ef7517d
Event: 3101.254 Thread 0x00007faded9e9000 Exception <a 'sun/nio/fs/UnixException'> (0x00000007cdb902d0) thrown at [/Users/java_re/workspace/8-2-build-macosx-x86_64/jdk8u201/12322/hotspot/src/share/vm/prims/jni.cpp, line 709]
Event: 3101.265 Thread 0x00007faded9e9000 Exception <a 'sun/nio/fs/UnixException'> (0x00000007cdbdc8c8) thrown at [/Users/java_re/workspace/8-2-build-macosx-x86_64/jdk8u201/12322/hotspot/src/share/vm/prims/jni.cpp, line 709]
Event: 3101.346 Thread 0x00007faded9e9000 Exception <a 'java/io/FileNotFoundException'> (0x00000007cdfdd730) thrown at [/Users/java_re/workspace/8-2-build-macosx-x86_64/jdk8u201/12322/hotspot/src/share/vm/prims/jni.cpp, line 709]
Event: 4589.608 Thread 0x00007fade975c800 Exception <a 'sun/nio/fs/UnixException'> (0x00000007ce465120) thrown at [/Users/java_re/workspace/8-2-build-macosx-x86_64/jdk8u201/12322/hotspot/src/share/vm/prims/jni.cpp, line 709]
Event: 4589.613 Thread 0x00007fadf306b000 Exception <a 'sun/nio/fs/UnixException'> (0x00000007ce6933b8) thrown at [/Users/java_re/workspace/8-2-build-macosx-x86_64/jdk8u201/12322/hotspot/src/share/vm/prims/jni.cpp, line 709]
Event: 4589.620 Thread 0x00007fadf233e800 Exception <a 'java/lang/IllegalMonitorStateException'> (0x00000007ce6981f0) thrown at [/Users/java_re/workspace/8-2-build-macosx-x86_64/jdk8u201/12322/hotspot/src/share/vm/runtime/objectMonitor.cpp, line 1818]

Events (10 events):
Event: 3257.384 Thread 0x00007fadf15cf000 Thread exited: 0x00007fadf15cf000
Event: 4589.609 Executing VM operation: RevokeBias
Event: 4589.610 Executing VM operation: RevokeBias done
Event: 4589.616 loading class sbt/io/MacOSXWatchService$$anon$2
Event: 4589.617 loading class sbt/io/MacOSXWatchService$$anon$2 done
Event: 4589.617 loading class sbt/io/MacOSXWatchService$$anon$2
Event: 4589.617 loading class sbt/io/MacOSXWatchService$$anon$2 done
Event: 4589.620 Thread 0x00007fadf233e800 Uncommon trap: trap_request=0x0000003a fr.pc=0x000000011c43edb0
Event: 4589.620 Thread 0x00007fadf233e800 DEOPT PACKING pc=0x000000011c43edb0 sp=0x0000700002b3e4d0
Event: 4589.620 Thread 0x00007fadf233e800 DEOPT UNPACKING pc=0x000000011a03d73a sp=0x0000700002b3e4d0 mode 2


Dynamic libraries:
0x00007fff3a18d000 	/System/Library/Frameworks/Cocoa.framework/Versions/A/Cocoa
0x00007fff45ea5000 	/System/Library/Frameworks/Security.framework/Versions/A/Security
0x00007fff38e22000 	/System/Library/Frameworks/ApplicationServices.framework/Versions/A/ApplicationServices
0x00007fff65f6b000 	/usr/lib/libz.1.dylib
0x00007fff638c5000 	/usr/lib/libSystem.B.dylib
0x00007fff650fc000 	/usr/lib/libobjc.A.dylib
0x00007fff3a975000 	/System/Library/Frameworks/CoreFoundation.framework/Versions/A/CoreFoundation
0x00007fff3cbf7000 	/System/Library/Frameworks/Foundation.framework/Versions/C/Foundation
0x000000010c200000 	/Library/Application Support/Cylance/Desktop/CyMemDef.dylib
0x00007fff3801b000 	/System/Library/Frameworks/AppKit.framework/Versions/C/AppKit
0x00007fff3a508000 	/System/Library/Frameworks/CoreData.framework/Versions/A/CoreData
0x00007fff5d398000 	/System/Library/PrivateFrameworks/RemoteViewServices.framework/Versions/A/RemoteViewServices
0x00007fff61605000 	/System/Library/PrivateFrameworks/UIFoundation.framework/Versions/A/UIFoundation
0x00007fff62ce7000 	/System/Library/PrivateFrameworks/XCTTargetBootstrap.framework/Versions/A/XCTTargetBootstrap
0x00007fff3a88d000 	/System/Library/Frameworks/CoreDisplay.framework/Versions/A/CoreDisplay
0x00007fff580eb000 	/System/Library/PrivateFrameworks/IconServices.framework/Versions/A/IconServices
0x00007fff3f51b000 	/System/Library/Frameworks/Metal.framework/Versions/A/Metal
0x00007fff4f666000 	/System/Library/PrivateFrameworks/DesktopServicesPriv.framework/Versions/A/DesktopServicesPriv
0x00007fff6445f000 	/usr/lib/libenergytrace.dylib
0x00007fff5faee000 	/System/Library/PrivateFrameworks/SkyLight.framework/Versions/A/SkyLight
0x00007fff3adbb000 	/System/Library/Frameworks/CoreGraphics.framework/Versions/A/CoreGraphics
0x00007fff36de7000 	/System/Library/Frameworks/Accelerate.framework/Versions/A/Accelerate
0x00007fff3d33f000 	/System/Library/Frameworks/IOSurface.framework/Versions/A/IOSurface
0x00007fff4f4d2000 	/System/Library/PrivateFrameworks/DFRFoundation.framework/Versions/A/DFRFoundation
0x00007fff39305000 	/System/Library/Frameworks/AudioToolbox.framework/Versions/A/AudioToolbox
0x00007fff3957e000 	/System/Library/Frameworks/AudioUnit.framework/Versions/A/AudioUnit
0x00007fff4f567000 	/System/Library/PrivateFrameworks/DataDetectorsCore.framework/Versions/A/DataDetectorsCore
0x00007fff39c91000 	/System/Library/Frameworks/Carbon.framework/Versions/A/Frameworks/HIToolbox.framework/Versions/A/HIToolbox
0x00007fff645b8000 	/usr/lib/libicucore.A.dylib
0x00007fff4541a000 	/System/Library/Frameworks/QuartzCore.framework/Versions/A/QuartzCore
0x00007fff3a065000 	/System/Library/Frameworks/Carbon.framework/Versions/A/Frameworks/SpeechRecognition.framework/Versions/A/SpeechRecognition
0x00007fff63a19000 	/usr/lib/libauto.dylib
0x00007fff65e5f000 	/usr/lib/libxml2.2.dylib
0x00007fff4f0af000 	/System/Library/PrivateFrameworks/CoreUI.framework/Versions/A/CoreUI
0x00007fff3a3f3000 	/System/Library/Frameworks/CoreAudio.framework/Versions/A/CoreAudio
0x00007fff3ca2c000 	/System/Library/Frameworks/DiskArbitration.framework/Versions/A/DiskArbitration
0x00007fff64866000 	/usr/lib/liblangid.dylib
0x00007fff594f9000 	/System/Library/PrivateFrameworks/MultitouchSupport.framework/Versions/A/MultitouchSupport
0x00007fff3d2ae000 	/System/Library/Frameworks/IOKit.framework/Versions/A/IOKit
0x00007fff63486000 	/usr/lib/libDiagnosticMessagesClient.dylib
0x00007fff3bbca000 	/System/Library/Frameworks/CoreServices.framework/Versions/A/CoreServices
0x00007fff5b1a0000 	/System/Library/PrivateFrameworks/PerformanceAnalysis.framework/Versions/A/PerformanceAnalysis
0x00007fff44608000 	/System/Library/Frameworks/OpenGL.framework/Versions/A/OpenGL
0x00007fff3a19b000 	/System/Library/Frameworks/ColorSync.framework/Versions/A/ColorSync
0x00007fff3b44c000 	/System/Library/Frameworks/CoreImage.framework/Versions/A/CoreImage
0x00007fff3c5a3000 	/System/Library/Frameworks/CoreText.framework/Versions/A/CoreText
0x00007fff3d3a2000 	/System/Library/Frameworks/ImageIO.framework/Versions/A/ImageIO
0x00007fff4b704000 	/System/Library/PrivateFrameworks/Backup.framework/Versions/A/Backup
0x00007fff6396c000 	/usr/lib/libarchive.2.dylib
0x00007fff398d6000 	/System/Library/Frameworks/CFNetwork.framework/Versions/A/CFNetwork
0x00007fff465ff000 	/System/Library/Frameworks/SystemConfiguration.framework/Versions/A/SystemConfiguration
0x00007fff633b7000 	/usr/lib/libCRFSuite.dylib
0x00007fff63b08000 	/usr/lib/libc++.1.dylib
0x00007fff63b5c000 	/usr/lib/libc++abi.dylib
0x00007fff66761000 	/usr/lib/system/libcache.dylib
0x00007fff66766000 	/usr/lib/system/libcommonCrypto.dylib
0x00007fff66771000 	/usr/lib/system/libcompiler_rt.dylib
0x00007fff66779000 	/usr/lib/system/libcopyfile.dylib
0x00007fff66783000 	/usr/lib/system/libcorecrypto.dylib
0x00007fff6688e000 	/usr/lib/system/libdispatch.dylib
0x00007fff668c8000 	/usr/lib/system/libdyld.dylib
0x00007fff668f5000 	/usr/lib/system/libkeymgr.dylib
0x00007fff66903000 	/usr/lib/system/liblaunch.dylib
0x00007fff66904000 	/usr/lib/system/libmacho.dylib
0x00007fff6690a000 	/usr/lib/system/libquarantine.dylib
0x00007fff6690d000 	/usr/lib/system/libremovefile.dylib
0x00007fff6690f000 	/usr/lib/system/libsystem_asl.dylib
0x00007fff66927000 	/usr/lib/system/libsystem_blocks.dylib
0x00007fff66928000 	/usr/lib/system/libsystem_c.dylib
0x00007fff669b0000 	/usr/lib/system/libsystem_configuration.dylib
0x00007fff669b4000 	/usr/lib/system/libsystem_coreservices.dylib
0x00007fff669b8000 	/usr/lib/system/libsystem_darwin.dylib
0x00007fff669bf000 	/usr/lib/system/libsystem_dnssd.dylib
0x00007fff669c6000 	/usr/lib/system/libsystem_info.dylib
0x00007fff66a3b000 	/usr/lib/system/libsystem_m.dylib
0x00007fff66a87000 	/usr/lib/system/libsystem_malloc.dylib
0x00007fff66ab2000 	/usr/lib/system/libsystem_networkextension.dylib
0x00007fff66abd000 	/usr/lib/system/libsystem_notify.dylib
0x00007fff66ada000 	/usr/lib/system/libsystem_sandbox.dylib
0x00007fff66ade000 	/usr/lib/system/libsystem_secinit.dylib
0x00007fff66a12000 	/usr/lib/system/libsystem_kernel.dylib
0x00007fff66ac5000 	/usr/lib/system/libsystem_platform.dylib
0x00007fff66acf000 	/usr/lib/system/libsystem_pthread.dylib
0x00007fff66ae1000 	/usr/lib/system/libsystem_symptoms.dylib
0x00007fff66ae9000 	/usr/lib/system/libsystem_trace.dylib
0x00007fff66b00000 	/usr/lib/system/libunwind.dylib
0x00007fff66b06000 	/usr/lib/system/libxpc.dylib
0x00007fff63ae9000 	/usr/lib/libbsm.0.dylib
0x00007fff668f6000 	/usr/lib/system/libkxld.dylib
0x00007fff4aaf5000 	/System/Library/PrivateFrameworks/AppleFSCompression.framework/Versions/A/AppleFSCompression
0x00007fff63785000 	/usr/lib/libOpenScriptingUtil.dylib
0x00007fff63e11000 	/usr/lib/libcoretls.dylib
0x00007fff63e28000 	/usr/lib/libcoretls_cfhelpers.dylib
0x00007fff65893000 	/usr/lib/libpam.2.dylib
0x00007fff65a53000 	/usr/lib/libsqlite3.dylib
0x00007fff65e4d000 	/usr/lib/libxar.1.dylib
0x00007fff63afa000 	/usr/lib/libbz2.1.0.dylib
0x00007fff64868000 	/usr/lib/liblzma.5.dylib
0x00007fff64d19000 	/usr/lib/libnetwork.dylib
0x00007fff63955000 	/usr/lib/libapple_nghttp2.dylib
0x00007fff6589a000 	/usr/lib/libpcap.A.dylib
0x00007fff3bf69000 	/System/Library/Frameworks/CoreServices.framework/Versions/A/Frameworks/FSEvents.framework/Versions/A/FSEvents
0x00007fff3bc48000 	/System/Library/Frameworks/CoreServices.framework/Versions/A/Frameworks/CarbonCore.framework/Versions/A/CarbonCore
0x00007fff3c125000 	/System/Library/Frameworks/CoreServices.framework/Versions/A/Frameworks/Metadata.framework/Versions/A/Metadata
0x00007fff3c1c4000 	/System/Library/Frameworks/CoreServices.framework/Versions/A/Frameworks/OSServices.framework/Versions/A/OSServices
0x00007fff3c20f000 	/System/Library/Frameworks/CoreServices.framework/Versions/A/Frameworks/SearchKit.framework/Versions/A/SearchKit
0x00007fff3bbcb000 	/System/Library/Frameworks/CoreServices.framework/Versions/A/Frameworks/AE.framework/Versions/A/AE
0x00007fff3bf72000 	/System/Library/Frameworks/CoreServices.framework/Versions/A/Frameworks/LaunchServices.framework/Versions/A/LaunchServices
0x00007fff3bf20000 	/System/Library/Frameworks/CoreServices.framework/Versions/A/Frameworks/DictionaryServices.framework/Versions/A/DictionaryServices
0x00007fff3c277000 	/System/Library/Frameworks/CoreServices.framework/Versions/A/Frameworks/SharedFileList.framework/Versions/A/SharedFileList
0x00007fff405e3000 	/System/Library/Frameworks/NetFS.framework/Versions/A/NetFS
0x00007fff5975f000 	/System/Library/PrivateFrameworks/NetAuth.framework/Versions/A/NetAuth
0x00007fff630eb000 	/System/Library/PrivateFrameworks/login.framework/Versions/A/Frameworks/loginsupport.framework/Versions/A/loginsupport
0x00007fff6120e000 	/System/Library/PrivateFrameworks/TCC.framework/Versions/A/TCC
0x00007fff4e70c000 	/System/Library/PrivateFrameworks/CoreNLP.framework/Versions/A/CoreNLP
0x00007fff591f2000 	/System/Library/PrivateFrameworks/MetadataUtilities.framework/Versions/A/MetadataUtilities
0x00007fff6493d000 	/usr/lib/libmecabra.dylib
0x00007fff38e23000 	/System/Library/Frameworks/ApplicationServices.framework/Versions/A/Frameworks/ATS.framework/Versions/A/ATS
0x00007fff39172000 	/System/Library/Frameworks/ApplicationServices.framework/Versions/A/Frameworks/ColorSyncLegacy.framework/Versions/A/ColorSyncLegacy
0x00007fff39211000 	/System/Library/Frameworks/ApplicationServices.framework/Versions/A/Frameworks/HIServices.framework/Versions/A/HIServices
0x00007fff39264000 	/System/Library/Frameworks/ApplicationServices.framework/Versions/A/Frameworks/LangAnalysis.framework/Versions/A/LangAnalysis
0x00007fff39274000 	/System/Library/Frameworks/ApplicationServices.framework/Versions/A/Frameworks/PrintCore.framework/Versions/A/PrintCore
0x00007fff392be000 	/System/Library/Frameworks/ApplicationServices.framework/Versions/A/Frameworks/QD.framework/Versions/A/QD
0x00007fff392f8000 	/System/Library/Frameworks/ApplicationServices.framework/Versions/A/Frameworks/SpeechSynthesis.framework/Versions/A/SpeechSynthesis
0x00007fff63b84000 	/usr/lib/libcompression.dylib
0x00007fff3f7eb000 	/System/Library/Frameworks/MetalPerformanceShaders.framework/Versions/A/MetalPerformanceShaders
0x00007fff36dff000 	/System/Library/Frameworks/Accelerate.framework/Versions/A/Frameworks/vImage.framework/Versions/A/vImage
0x00007fff37e79000 	/System/Library/Frameworks/Accelerate.framework/Versions/A/Frameworks/vecLib.framework/Versions/A/vecLib
0x00007fff37dc5000 	/System/Library/Frameworks/Accelerate.framework/Versions/A/Frameworks/vecLib.framework/Versions/A/libvMisc.dylib
0x00007fff37bdd000 	/System/Library/Frameworks/Accelerate.framework/Versions/A/Frameworks/vecLib.framework/Versions/A/libvDSP.dylib
0x00007fff37499000 	/System/Library/Frameworks/Accelerate.framework/Versions/A/Frameworks/vecLib.framework/Versions/A/libBLAS.dylib
0x00007fff37786000 	/System/Library/Frameworks/Accelerate.framework/Versions/A/Frameworks/vecLib.framework/Versions/A/libLAPACK.dylib
0x00007fff37b30000 	/System/Library/Frameworks/Accelerate.framework/Versions/A/Frameworks/vecLib.framework/Versions/A/libLinearAlgebra.dylib
0x00007fff37bc9000 	/System/Library/Frameworks/Accelerate.framework/Versions/A/Frameworks/vecLib.framework/Versions/A/libSparseBLAS.dylib
0x00007fff37b46000 	/System/Library/Frameworks/Accelerate.framework/Versions/A/Frameworks/vecLib.framework/Versions/A/libQuadrature.dylib
0x00007fff37713000 	/System/Library/Frameworks/Accelerate.framework/Versions/A/Frameworks/vecLib.framework/Versions/A/libBNNS.dylib
0x00007fff37b4c000 	/System/Library/Frameworks/Accelerate.framework/Versions/A/Frameworks/vecLib.framework/Versions/A/libSparse.dylib
0x00007fff55a4e000 	/System/Library/PrivateFrameworks/GPUWrangler.framework/Versions/A/GPUWrangler
0x00007fff57d20000 	/System/Library/PrivateFrameworks/IOAccelerator.framework/Versions/A/IOAccelerator
0x00007fff57d2b000 	/System/Library/PrivateFrameworks/IOPresentment.framework/Versions/A/IOPresentment
0x00007fff4f4e2000 	/System/Library/PrivateFrameworks/DSExternalDisplay.framework/Versions/A/DSExternalDisplay
0x00007fff43a5f000 	/System/Library/Frameworks/OpenGL.framework/Versions/A/Libraries/libCoreFSCache.dylib
0x00007fff3f5df000 	/System/Library/Frameworks/MetalPerformanceShaders.framework/Frameworks/MPSCore.framework/Versions/A/MPSCore
0x00007fff3f5ff000 	/System/Library/Frameworks/MetalPerformanceShaders.framework/Frameworks/MPSImage.framework/Versions/A/MPSImage
0x00007fff3f6a4000 	/System/Library/Frameworks/MetalPerformanceShaders.framework/Frameworks/MPSNeuralNetwork.framework/Versions/A/MPSNeuralNetwork
0x00007fff3f67c000 	/System/Library/Frameworks/MetalPerformanceShaders.framework/Frameworks/MPSMatrix.framework/Versions/A/MPSMatrix
0x00007fff3f7d0000 	/System/Library/Frameworks/MetalPerformanceShaders.framework/Frameworks/MPSRayIntersector.framework/Versions/A/MPSRayIntersector
0x00007fff5921b000 	/System/Library/PrivateFrameworks/MetalTools.framework/Versions/A/MetalTools
0x00007fff4a3a2000 	/System/Library/PrivateFrameworks/AggregateDictionary.framework/Versions/A/AggregateDictionary
0x00007fff63766000 	/usr/lib/libMobileGestalt.dylib
0x00007fff3c706000 	/System/Library/Frameworks/CoreVideo.framework/Versions/A/CoreVideo
0x00007fff5685e000 	/System/Library/PrivateFrameworks/GraphVisualizer.framework/Versions/A/GraphVisualizer
0x00007fff506de000 	/System/Library/PrivateFrameworks/FaceCore.framework/Versions/A/FaceCore
0x00007fff4308d000 	/System/Library/Frameworks/OpenCL.framework/Versions/A/OpenCL
0x00007fff634be000 	/usr/lib/libFosl_dynamic.dylib
0x00007fff59fca000 	/System/Library/PrivateFrameworks/OTSVG.framework/Versions/A/OTSVG
0x00007fff38f27000 	/System/Library/Frameworks/ApplicationServices.framework/Versions/A/Frameworks/ATS.framework/Versions/A/Resources/libFontParser.dylib
0x00007fff3903f000 	/System/Library/Frameworks/ApplicationServices.framework/Versions/A/Frameworks/ATS.framework/Versions/A/Resources/libFontRegistry.dylib
0x00007fff3d610000 	/System/Library/Frameworks/ImageIO.framework/Versions/A/Resources/libJPEG.dylib
0x00007fff3d922000 	/System/Library/Frameworks/ImageIO.framework/Versions/A/Resources/libTIFF.dylib
0x00007fff3d8f8000 	/System/Library/Frameworks/ImageIO.framework/Versions/A/Resources/libPng.dylib
0x00007fff3d52e000 	/System/Library/Frameworks/ImageIO.framework/Versions/A/Resources/libGIF.dylib
0x00007fff3d533000 	/System/Library/Frameworks/ImageIO.framework/Versions/A/Resources/libJP2.dylib
0x00007fff3d91f000 	/System/Library/Frameworks/ImageIO.framework/Versions/A/Resources/libRadiance.dylib
0x00007fff4ac4c000 	/System/Library/PrivateFrameworks/AppleJPEG.framework/Versions/A/AppleJPEG
0x00007fff43a6a000 	/System/Library/Frameworks/OpenGL.framework/Versions/A/Libraries/libGFXShared.dylib
0x00007fff43c2d000 	/System/Library/Frameworks/OpenGL.framework/Versions/A/Libraries/libGLU.dylib
0x00007fff43a73000 	/System/Library/Frameworks/OpenGL.framework/Versions/A/Libraries/libGL.dylib
0x00007fff43a7f000 	/System/Library/Frameworks/OpenGL.framework/Versions/A/Libraries/libGLImage.dylib
0x00007fff43a5c000 	/System/Library/Frameworks/OpenGL.framework/Versions/A/Libraries/libCVMSPluginSupport.dylib
0x00007fff43a65000 	/System/Library/Frameworks/OpenGL.framework/Versions/A/Libraries/libCoreVMClient.dylib
0x00007fff642d5000 	/usr/lib/libcups.2.dylib
0x00007fff3eae6000 	/System/Library/Frameworks/Kerberos.framework/Versions/A/Kerberos
0x00007fff3d013000 	/System/Library/Frameworks/GSS.framework/Versions/A/GSS
0x00007fff659e8000 	/usr/lib/libresolv.9.dylib
0x00007fff644c7000 	/usr/lib/libiconv.2.dylib
0x00007fff569bd000 	/System/Library/PrivateFrameworks/Heimdal.framework/Versions/A/Heimdal
0x00007fff64497000 	/usr/lib/libheimdal-asn1.dylib
0x00007fff43101000 	/System/Library/Frameworks/OpenDirectory.framework/Versions/A/OpenDirectory
0x00007fff4d471000 	/System/Library/PrivateFrameworks/CommonAuth.framework/Versions/A/CommonAuth
0x00007fff430e5000 	/System/Library/Frameworks/OpenDirectory.framework/Versions/A/Frameworks/CFOpenDirectory.framework/Versions/A/CFOpenDirectory
0x00007fff461a5000 	/System/Library/Frameworks/SecurityFoundation.framework/Versions/A/SecurityFoundation
0x00007fff498eb000 	/System/Library/PrivateFrameworks/APFS.framework/Versions/A/APFS
0x00007fff65e49000 	/usr/lib/libutil.dylib
0x00007fff63b72000 	/usr/lib/libcharset.1.dylib
0x00007fff4aee9000 	/System/Library/PrivateFrameworks/AppleSauce.framework/Versions/A/AppleSauce
0x00007fff4b06a000 	/System/Library/PrivateFrameworks/AssertionServices.framework/Versions/A/AssertionServices
0x00007fff4b79a000 	/System/Library/PrivateFrameworks/BaseBoard.framework/Versions/A/BaseBoard
0x00007fff64898000 	/usr/lib/libmecab.1.0.0.dylib
0x00007fff64491000 	/usr/lib/libgermantok.dylib
0x00007fff63942000 	/usr/lib/libThaiTokenizer.dylib
0x00007fff633ee000 	/usr/lib/libChineseTokenizer.dylib
0x00007fff583d9000 	/System/Library/PrivateFrameworks/LanguageModeling.framework/Versions/A/LanguageModeling
0x00007fff4e152000 	/System/Library/PrivateFrameworks/CoreEmoji.framework/Versions/A/CoreEmoji
0x00007fff584b5000 	/System/Library/PrivateFrameworks/Lexicon.framework/Versions/A/Lexicon
0x00007fff584f8000 	/System/Library/PrivateFrameworks/LinguisticData.framework/Versions/A/LinguisticData
0x00007fff63b73000 	/usr/lib/libcmph.dylib
0x00007fff46263000 	/System/Library/Frameworks/ServiceManagement.framework/Versions/A/ServiceManagement
0x00007fff4b6fb000 	/System/Library/PrivateFrameworks/BackgroundTaskManagement.framework/Versions/A/BackgroundTaskManagement
0x00007fff65f42000 	/usr/lib/libxslt.1.dylib
0x00007fff39f92000 	/System/Library/Frameworks/Carbon.framework/Versions/A/Frameworks/Ink.framework/Versions/A/Ink
0x00007fff61480000 	/System/Library/PrivateFrameworks/TextureIO.framework/Versions/A/TextureIO
0x00007fff63996000 	/usr/lib/libate.dylib
0x00007fff4f431000 	/System/Library/PrivateFrameworks/CrashReporterSupport.framework/Versions/A/CrashReporterSupport
0x00007fff5ebbf000 	/System/Library/PrivateFrameworks/Sharing.framework/Versions/A/Sharing
0x00007fff4b44d000 	/System/Library/PrivateFrameworks/AuthKit.framework/Versions/A/AuthKit
0x00007fff4a9a1000 	/System/Library/PrivateFrameworks/Apple80211.framework/Versions/A/Apple80211
0x00007fff4f1db000 	/System/Library/PrivateFrameworks/CoreUtils.framework/Versions/A/CoreUtils
0x00007fff3c746000 	/System/Library/Frameworks/CoreWLAN.framework/Versions/A/CoreWLAN
0x00007fff3d142000 	/System/Library/Frameworks/IOBluetooth.framework/Versions/A/IOBluetooth
0x00007fff5d03f000 	/System/Library/PrivateFrameworks/ProtocolBuffer.framework/Versions/A/ProtocolBuffer
0x00007fff59455000 	/System/Library/PrivateFrameworks/MobileKeyBag.framework/Versions/A/MobileKeyBag
0x00007fff4ea1f000 	/System/Library/PrivateFrameworks/CorePhoneNumbers.framework/Versions/A/CorePhoneNumbers
0x00007fff4ac00000 	/System/Library/PrivateFrameworks/AppleIDAuthSupport.framework/Versions/A/AppleIDAuthSupport
0x00007fff583ac000 	/System/Library/PrivateFrameworks/KeychainCircle.framework/Versions/A/KeychainCircle
0x00007fff5d1f5000 	/System/Library/PrivateFrameworks/ROCKit.framework/Versions/A/ROCKit
0x00007fff4f3cd000 	/System/Library/PrivateFrameworks/CoreWiFi.framework/Versions/A/CoreWiFi
0x00007fff3a4dd000 	/System/Library/Frameworks/CoreBluetooth.framework/Versions/A/CoreBluetooth
0x00007fff4f628000 	/System/Library/PrivateFrameworks/DebugSymbols.framework/Versions/A/DebugSymbols
0x00007fff4ef9b000 	/System/Library/PrivateFrameworks/CoreSymbolication.framework/Versions/A/CoreSymbolication
0x00007fff60c9b000 	/System/Library/PrivateFrameworks/Symbolication.framework/Versions/A/Symbolication
0x00007fff6053e000 	/System/Library/PrivateFrameworks/SpeechRecognitionCore.framework/Versions/A/SpeechRecognitionCore
0x00007fff2f109000 	/System/Library/CoreServices/Encodings/libJapaneseConverter.dylib
0x000000010dc00000 	/Library/Java/JavaVirtualMachines/jdk1.8.0_201.jdk/Contents/Home/jre/lib/server/libjvm.dylib
0x00007fff65d24000 	/usr/lib/libstdc++.6.dylib
0x000000010c292000 	/Library/Java/JavaVirtualMachines/jdk1.8.0_201.jdk/Contents/Home/jre/lib/libverify.dylib
0x000000010c2a0000 	/Library/Java/JavaVirtualMachines/jdk1.8.0_201.jdk/Contents/Home/jre/lib/libjava.dylib
0x000000010c320000 	/Library/Java/JavaVirtualMachines/jdk1.8.0_201.jdk/Contents/Home/jre/lib/libzip.dylib
0x00000001167d7000 	/Library/Java/JavaVirtualMachines/jdk1.8.0_201.jdk/Contents/Home/jre/lib/libnet.dylib
0x0000000116836000 	/Library/Java/JavaVirtualMachines/jdk1.8.0_201.jdk/Contents/Home/jre/lib/libnio.dylib
0x00000001168d6000 	/Library/Java/JavaVirtualMachines/jdk1.8.0_201.jdk/Contents/Home/jre/lib/libmanagement.dylib
0x0000000116fd7000 	/private/var/folders/g7/vmpcxvyj5m37x4r7g5qvv46w0000gp/T/jna--928710271/jna3835977373733176056.tmp
0x00007fff3eae1000 	/System/Library/Frameworks/JavaVM.framework/Versions/A/JavaVM
0x00007fff582ca000 	/System/Library/PrivateFrameworks/JavaLaunching.framework/Versions/A/JavaLaunching
0x0000000116d53000 	/private/var/folders/g7/vmpcxvyj5m37x4r7g5qvv46w0000gp/T/jni-855875825171271564/libapple-file-events0.dylib
0x00007fff39c8c000 	/System/Library/Frameworks/Carbon.framework/Versions/A/Carbon
0x00007fff39c8d000 	/System/Library/Frameworks/Carbon.framework/Versions/A/Frameworks/CommonPanels.framework/Versions/A/CommonPanels
0x00007fff39f88000 	/System/Library/Frameworks/Carbon.framework/Versions/A/Frameworks/Help.framework/Versions/A/Help
0x00007fff39f8c000 	/System/Library/Frameworks/Carbon.framework/Versions/A/Frameworks/ImageCapture.framework/Versions/A/ImageCapture
0x00007fff3a028000 	/System/Library/Frameworks/Carbon.framework/Versions/A/Frameworks/OpenScripting.framework/Versions/A/OpenScripting
0x00007fff3a060000 	/System/Library/Frameworks/Carbon.framework/Versions/A/Frameworks/Print.framework/Versions/A/Print
0x00007fff3a062000 	/System/Library/Frameworks/Carbon.framework/Versions/A/Frameworks/SecurityHI.framework/Versions/A/SecurityHI
0x0000000117db2000 	/Library/Java/JavaVirtualMachines/jdk1.8.0_201.jdk/Contents/Home/jre/lib/libsunec.dylib

VM Arguments:
jvm_args: -Xms2048m -Xmx2048m -XX:ReservedCodeCacheSize=256m -XX:MaxMetaspaceSize=512m 
java_command: /usr/local/Cellar/sbt/1.2.8/libexec/bin/sbt-launch.jar
java_class_path (initial): /usr/local/Cellar/sbt/1.2.8/libexec/bin/sbt-launch.jar
Launcher Type: SUN_STANDARD

Environment Variables:
PATH=/usr/local/opt/mysql@5.7/bin:/usr/local/opt/mysql@5.7/bin:/usr/local/opt/mysql@5.7/bin:/Users/fuma.tsuchiya/.nodebrew/current/bin:/Users/fuma.tsuchiya/.nodebrew/current/bin:/usr/local/opt/coreutils/libexec/gnubin:/usr/local/bin:/usr/local/bin:/usr/bin:/bin:/usr/sbin:/sbin:/Users/fuma.tsuchiya/Library/Android/sdk/tools:/Users/fuma.tsuchiya/Library/Android/sdk/tools/bin:/Users/fuma.tsuchiya/Library/Android/sdk/platform-tools
SHELL=/bin/bash

Signal Handlers:
SIGSEGV: [libjvm.dylib+0x5b723d], sa_mask[0]=11111111011111110111111111111111, sa_flags=SA_ONSTACK|SA_RESTART|SA_SIGINFO
SIGBUS: [libjvm.dylib+0x5b723d], sa_mask[0]=11111111011111110111111111111111, sa_flags=SA_RESTART|SA_SIGINFO
SIGFPE: [libjvm.dylib+0x48c9bc], sa_mask[0]=11111111011111110111111111111111, sa_flags=SA_RESTART|SA_SIGINFO
SIGPIPE: [libjvm.dylib+0x48c9bc], sa_mask[0]=11111111011111110111111111111111, sa_flags=SA_RESTART|SA_SIGINFO
SIGXFSZ: [libjvm.dylib+0x48c9bc], sa_mask[0]=11111111011111110111111111111111, sa_flags=SA_RESTART|SA_SIGINFO
SIGILL: [libjvm.dylib+0x48c9bc], sa_mask[0]=11111111011111110111111111111111, sa_flags=SA_RESTART|SA_SIGINFO
SIGUSR1: SIG_DFL, sa_mask[0]=11011111011111100000000111000110, sa_flags=none
SIGUSR2: [libjvm.dylib+0x48c4da], sa_mask[0]=00000000000000000000000000000000, sa_flags=SA_RESTART|SA_SIGINFO
SIGHUP: [libjvm.dylib+0x48aa65], sa_mask[0]=11111111011111110111111111111111, sa_flags=SA_RESTART|SA_SIGINFO
SIGINT: [libjvm.dylib+0x48aa65], sa_mask[0]=11111111011111110111111111111111, sa_flags=SA_RESTART|SA_SIGINFO
SIGTERM: [libjvm.dylib+0x48aa65], sa_mask[0]=11111111011111110111111111111111, sa_flags=SA_RESTART|SA_SIGINFO
SIGQUIT: [libjvm.dylib+0x48aa65], sa_mask[0]=11111111011111110111111111111111, sa_flags=SA_RESTART|SA_SIGINFO


---------------  S Y S T E M  ---------------

OS:Bsduname:Darwin 18.6.0 Darwin Kernel Version 18.6.0: Thu Apr 25 23:16:27 PDT 2019; root:xnu-4903.261.4~2/RELEASE_X86_64 x86_64
rlimit: STACK 8192k, CORE 0k, NPROC 1418, NOFILE 10240, AS infinity
load average:2.82 3.12 3.01

CPU:total 12 (initial active 12) (6 cores per cpu, 2 threads per core) family 6 model 158 stepping 10, cmov, cx8, fxsr, mmx, sse, sse2, sse3, ssse3, sse4.1, sse4.2, popcnt, avx, avx2, aes, clmul, erms, 3dnowpref, lzcnt, ht, tsc, tscinvbit, bmi1, bmi2, adx

Memory: 4k page, physical 16777216k(334028k free)

/proc/meminfo:


vm_info: Java HotSpot(TM) 64-Bit Server VM (25.201-b09) for bsd-amd64 JRE (1.8.0_201-b09), built on Dec 15 2018 18:35:23 by "java_re" with gcc 4.2.1 (Based on Apple Inc. build 5658) (LLVM build 2336.11.00)

time: Wed Jun 19 19:13:19 2019
timezone: JST
elapsed time: 4589 seconds (0d 1h 16m 29s)

